Namespace(aux=True, aux_weight=0.2, backbone='resnet50', base_size=520, batch_size=4, checkname='default', crop_size=480, cuda=True, dataset='ade20k', dilated=False, epochs=120, ft=False, jpu='JPU', lateral=False, lr=0.01, lr_scheduler='poly', mode='testval', model='encnet', model_zoo=None, momentum=0.9, ms=False, no_cuda=False, no_val=False, resume=None, save_folder='experiments/segmentation/results', se_loss=True, se_weight=0.2, seed=1, split='val', start_epoch=0, test_batch_size=4, train_split='train', weight_decay=0.0001, workers=4)
BaseDataset: base_size 520, crop_size 480
len(img_paths): 20210
W1031 01:14:02.822614 20959 device_context.cc:447] Please NOTE: device: 0, GPU Compute Capability: 8.6, Driver API Version: 11.2, Runtime API Version: 11.0
W1031 01:14:02.824250 20959 device_context.cc:465] device: 0, cuDNN Version: 8.1.
----------: 0.01
Using poly LR Scheduler!
Starting Epoch: 0
Total Epoches: 120
  0%|                                                                                                                                                                                                 | 0/5052 [00:00<?, ?it/s]
=>Epoches 0, learning rate = 0.0100,                 previous best = 0.0000
/home/wzl/anaconda3/envs/pytorch/lib/python3.7/site-packages/paddle/nn/layer/norm.py:641: UserWarning: When training, we now always track global mean and variance.
  "When training, we now always track global mean and variance.")
/home/wzl/anaconda3/envs/pytorch/lib/python3.7/site-packages/paddle/fluid/dygraph/math_op_patch.py:248: UserWarning: The dtype of left and right variables are not the same, left dtype is paddle.float32, but right dtype is paddle.int64, the right dtype will convert to paddle.float32
  format(lhs_dtype, rhs_dtype, lhs_dtype))
Train loss: 3.520: 100%|███████████████████████████████████████████████████████████████████████████████████████████████████████████████████████████████████████████████████████████████████| 5052/5052 [46:06<00:00,  1.83it/s]
pixAcc: 0.423, mIoU: 0.031: 100%|████████████████████████████████████████████████████████████████████████████████████████████████████████████████████████████████████████████████████████████| 500/500 [00:57<00:00,  8.66it/s]
/home/wzl/anaconda3/envs/pytorch/lib/python3.7/site-packages/paddle/framework/io.py:412: DeprecationWarning: Using or importing the ABCs from 'collections' instead of from 'collections.abc' is deprecated since Python 3.3,and in 3.9 it will stop working
  if isinstance(obj, collections.Iterable) and not isinstance(obj, (
  0%|                                                                                                                                                                                                 | 0/5052 [00:00<?, ?it/s]
=>Epoches 1, learning rate = 0.0099,                 previous best = 0.2269
Train loss: 2.963: 100%|███████████████████████████████████████████████████████████████████████████████████████████████████████████████████████████████████████████████████████████████████| 5052/5052 [46:08<00:00,  1.82it/s]
pixAcc: 0.470, mIoU: 0.044: 100%|████████████████████████████████████████████████████████████████████████████████████████████████████████████████████████████████████████████████████████████| 500/500 [00:57<00:00,  8.64it/s]
  0%|                                                                                                                                                                                                 | 0/5052 [00:00<?, ?it/s]
=>Epoches 2, learning rate = 0.0098,                 previous best = 0.2570
Train loss: 2.738: 100%|███████████████████████████████████████████████████████████████████████████████████████████████████████████████████████████████████████████████████████████████████| 5052/5052 [46:05<00:00,  1.83it/s]
pixAcc: 0.503, mIoU: 0.057: 100%|████████████████████████████████████████████████████████████████████████████████████████████████████████████████████████████████████████████████████████████| 500/500 [00:58<00:00,  8.61it/s]
  0%|                                                                                                                                                                                                 | 0/5052 [00:00<?, ?it/s]
=>Epoches 3, learning rate = 0.0098,                 previous best = 0.2803
Train loss: 2.602: 100%|███████████████████████████████████████████████████████████████████████████████████████████████████████████████████████████████████████████████████████████████████| 5052/5052 [46:05<00:00,  1.83it/s]
pixAcc: 0.523, mIoU: 0.061: 100%|████████████████████████████████████████████████████████████████████████████████████████████████████████████████████████████████████████████████████████████| 500/500 [00:58<00:00,  8.60it/s]
  0%|                                                                                                                                                                                                 | 0/5052 [00:00<?, ?it/s]
=>Epoches 4, learning rate = 0.0097,                 previous best = 0.2920
Train loss: 2.491: 100%|███████████████████████████████████████████████████████████████████████████████████████████████████████████████████████████████████████████████████████████████████| 5052/5052 [46:04<00:00,  1.83it/s]
pixAcc: 0.533, mIoU: 0.068: 100%|████████████████████████████████████████████████████████████████████████████████████████████████████████████████████████████████████████████████████████████| 500/500 [00:58<00:00,  8.58it/s]
  0%|                                                                                                                                                                                                 | 0/5052 [00:00<?, ?it/s]
=>Epoches 5, learning rate = 0.0096,                 previous best = 0.3003
Train loss: 2.408: 100%|███████████████████████████████████████████████████████████████████████████████████████████████████████████████████████████████████████████████████████████████████| 5052/5052 [45:59<00:00,  1.83it/s]
pixAcc: 0.500, mIoU: 0.072: 100%|████████████████████████████████████████████████████████████████████████████████████████████████████████████████████████████████████████████████████████████| 500/500 [00:58<00:00,  8.60it/s]
  0%|                                                                                                                                                                                                 | 0/5052 [00:00<?, ?it/s]
=>Epoches 6, learning rate = 0.0095,                 previous best = 0.3003
Train loss: 2.331: 100%|███████████████████████████████████████████████████████████████████████████████████████████████████████████████████████████████████████████████████████████████████| 5052/5052 [45:59<00:00,  1.83it/s]
pixAcc: 0.558, mIoU: 0.093: 100%|████████████████████████████████████████████████████████████████████████████████████████████████████████████████████████████████████████████████████████████| 500/500 [00:59<00:00,  8.46it/s]
  0%|                                                                                                                                                                                                 | 0/5052 [00:00<?, ?it/s]
=>Epoches 7, learning rate = 0.0095,                 previous best = 0.3252
Train loss: 2.255: 100%|███████████████████████████████████████████████████████████████████████████████████████████████████████████████████████████████████████████████████████████████████| 5052/5052 [46:01<00:00,  1.83it/s]
pixAcc: 0.573, mIoU: 0.095: 100%|████████████████████████████████████████████████████████████████████████████████████████████████████████████████████████████████████████████████████████████| 500/500 [00:58<00:00,  8.57it/s]
  0%|                                                                                                                                                                                                 | 0/5052 [00:00<?, ?it/s]
=>Epoches 8, learning rate = 0.0094,                 previous best = 0.3343
Train loss: 2.202: 100%|███████████████████████████████████████████████████████████████████████████████████████████████████████████████████████████████████████████████████████████████████| 5052/5052 [46:07<00:00,  1.83it/s]
pixAcc: 0.569, mIoU: 0.106: 100%|████████████████████████████████████████████████████████████████████████████████████████████████████████████████████████████████████████████████████████████| 500/500 [00:59<00:00,  8.45it/s]
  0%|                                                                                                                                                                                                 | 0/5052 [00:00<?, ?it/s]
=>Epoches 9, learning rate = 0.0093,                 previous best = 0.3375
Train loss: 2.157: 100%|███████████████████████████████████████████████████████████████████████████████████████████████████████████████████████████████████████████████████████████████████| 5052/5052 [46:20<00:00,  1.82it/s]
pixAcc: 0.570, mIoU: 0.100: 100%|████████████████████████████████████████████████████████████████████████████████████████████████████████████████████████████████████████████████████████████| 500/500 [00:58<00:00,  8.51it/s]
  0%|                                                                                                                                                                                                 | 0/5052 [00:00<?, ?it/s]
=>Epoches 10, learning rate = 0.0092,                 previous best = 0.3375
Train loss: 2.142: 100%|███████████████████████████████████████████████████████████████████████████████████████████████████████████████████████████████████████████████████████████████████| 5052/5052 [46:29<00:00,  1.81it/s]
pixAcc: 0.588, mIoU: 0.120: 100%|████████████████████████████████████████████████████████████████████████████████████████████████████████████████████████████████████████████████████████████| 500/500 [00:59<00:00,  8.44it/s]
  0%|
=>Epoches 11, learning rate = 0.0092,                 previous best = 0.3541
Train loss: 2.106: 100%|███████████████████████████████████████████████████████| 5052/5052 [46:43<00:00,  1.80it/s]
pixAcc: 0.607, mIoU: 0.121: 100%|████████████████████████████████████████████████| 500/500 [00:59<00:00,  8.44it/s]
  0%|                                                                                  | 0/5052 [00:00<?, ?it/s]
=>Epoches 12, learning rate = 0.0091,                 previous best = 0.3640
Train loss: 2.067: 100%|███████████████████████████████████████████████████████| 5052/5052 [46:56<00:00,  1.79it/s]
pixAcc: 0.622, mIoU: 0.131: 100%|████████████████████████████████████████████████| 500/500 [00:59<00:00,  8.44it/s]
  0%|                                                                                     | 0/5052 [00:00<?, ?it/s]
=>Epoches 13, learning rate = 0.0090,                 previous best = 0.3766
Train loss: 2.038: 100%|███████████████████████████████████████████████████████| 5052/5052 [46:55<00:00,  1.79it/s]
pixAcc: 0.631, mIoU: 0.137: 100%|████████████████████████████████████████████████| 500/500 [00:59<00:00,  8.45it/s]
  0%|                                                                                     | 0/5052 [00:00<?, ?it/s]
=>Epoches 14, learning rate = 0.0089,                 previous best = 0.3839
Train loss: 1.998: 100%|███████████████████████████████████████████████████████| 5052/5052 [47:06<00:00,  1.79it/s]
pixAcc: 0.641, mIoU: 0.157: 100%|████████████████████████████████████████████████| 500/500 [01:00<00:00,  8.30it/s]
  0%|                                                                                     | 0/5052 [00:00<?, ?it/s]
=>Epoches 15, learning rate = 0.0089,                 previous best = 0.3990
Train loss: 1.963: 100%|███████████████████████████████████████████████████████| 5052/5052 [46:42<00:00,  1.80it/s]
pixAcc: 0.645, mIoU: 0.151: 100%|████████████████████████████████████████████████| 500/500 [00:59<00:00,  8.39it/s]
  0%|                                                                                     | 0/5052 [00:00<?, ?it/s]
=>Epoches 16, learning rate = 0.0088,                 previous best = 0.3990
Train loss: 1.949: 100%|███████████████████████████████████████████████████████| 5052/5052 [46:47<00:00,  1.80it/s]
pixAcc: 0.653, mIoU: 0.159: 100%|████████████████████████████████████████████████| 500/500 [00:59<00:00,  8.36it/s]
  0%|                                                                                     | 0/5052 [00:00<?, ?it/s]
=>Epoches 17, learning rate = 0.0087,                 previous best = 0.4059
Train loss: 1.918: 100%|███████████████████████████████████████████████████████| 5052/5052 [46:52<00:00,  1.80it/s]
pixAcc: 0.655, mIoU: 0.162: 100%|████████████████████████████████████████████████| 500/500 [00:59<00:00,  8.38it/s]
  0%|                                                                                     | 0/5052 [00:00<?, ?it/s]
=>Epoches 18, learning rate = 0.0086,                 previous best = 0.4084
Train loss: 1.894: 100%|███████████████████████████████████████████████████████| 5052/5052 [46:57<00:00,  1.79it/s]
pixAcc: 0.659, mIoU: 0.176: 100%|████████████████████████████████████████████████| 500/500 [00:59<00:00,  8.45it/s]
  0%|                                                                                     | 0/5052 [00:00<?, ?it/s]
=>Epoches 19, learning rate = 0.0086,                 previous best = 0.4175
Train loss: 1.875: 100%|███████████████████████████████████████████████████████| 5052/5052 [46:43<00:00,  1.80it/s]
pixAcc: 0.662, mIoU: 0.180: 100%|████████████████████████████████████████████████| 500/500 [00:59<00:00,  8.38it/s]
  0%|                                                                                     | 0/5052 [00:00<?, ?it/s]
=>Epoches 20, learning rate = 0.0085,                 previous best = 0.4211
Train loss: 1.852: 100%|███████████████████████████████████████████████████████| 5052/5052 [46:47<00:00,  1.80it/s]
pixAcc: 0.653, mIoU: 0.177: 100%|████████████████████████████████████████████████| 500/500 [01:00<00:00,  8.32it/s]
  0%|                                                                                     | 0/5052 [00:00<?, ?it/s]
=>Epoches 21, learning rate = 0.0084,                 previous best = 0.4211
Train loss: 1.836: 100%|███████████████████████████████████████████████████████| 5052/5052 [46:41<00:00,  1.80it/s]
pixAcc: 0.661, mIoU: 0.174: 100%|████████████████████████████████████████████████| 500/500 [00:59<00:00,  8.38it/s]
  0%|                                                                                     | 0/5052 [00:00<?, ?it/s]
=>Epoches 22, learning rate = 0.0083,                 previous best = 0.4211
Train loss: 1.817: 100%|███████████████████████████████████████████████████████| 5052/5052 [46:41<00:00,  1.80it/s]
pixAcc: 0.676, mIoU: 0.194: 100%|████████████████████████████████████████████████| 500/500 [00:59<00:00,  8.38it/s]
  0%|                                                                                     | 0/5052 [00:00<?, ?it/s]
=>Epoches 23, learning rate = 0.0083,                 previous best = 0.4350
Train loss: 1.791: 100%|███████████████████████████████████████████████████████| 5052/5052 [46:41<00:00,  1.80it/s]
pixAcc: 0.668, mIoU: 0.192: 100%|████████████████████████████████████████████████| 500/500 [00:59<00:00,  8.39it/s]
  0%|                                                                                     | 0/5052 [00:00<?, ?it/s]
=>Epoches 24, learning rate = 0.0082,                 previous best = 0.4350
Train loss: 1.793: 100%|███████████████████████████████████████████████████████| 5052/5052 [46:35<00:00,  1.81it/s]
pixAcc: 0.657, mIoU: 0.195: 100%|████████████████████████████████████████████████| 500/500 [00:59<00:00,  8.42it/s]
  0%|                                                                                     | 0/5052 [00:00<?, ?it/s]
=>Epoches 25, learning rate = 0.0081,                 previous best = 0.4350
Train loss: 1.787: 100%|███████████████████████████████████████████████████████| 5052/5052 [46:37<00:00,  1.81it/s]
pixAcc: 0.673, mIoU: 0.199: 100%|████████████████████████████████████████████████| 500/500 [00:59<00:00,  8.41it/s]
  0%|                                                                                     | 0/5052 [00:00<?, ?it/s]
=>Epoches 26, learning rate = 0.0080,                 previous best = 0.4361
Train loss: 1.754: 100%|███████████████████████████████████████████████████████| 5052/5052 [46:25<00:00,  1.81it/s]
pixAcc: 0.668, mIoU: 0.189: 100%|████████████████████████████████████████████████| 500/500 [00:59<00:00,  8.41it/s]
  0%|                                                                                     | 0/5052 [00:00<?, ?it/s]
=>Epoches 27, learning rate = 0.0080,                 previous best = 0.4361
Train loss: 1.749: 100%|███████████████████████████████████████████████████████| 5052/5052 [46:33<00:00,  1.81it/s]
pixAcc: 0.668, mIoU: 0.204: 100%|████████████████████████████████████████████████| 500/500 [00:59<00:00,  8.41it/s]
  0%|                                                                                     | 0/5052 [00:00<?, ?it/s]
=>Epoches 28, learning rate = 0.0079,                 previous best = 0.4361
Train loss: 1.733: 100%|███████████████████████████████████████████████████████| 5052/5052 [46:34<00:00,  1.81it/s]
pixAcc: 0.668, mIoU: 0.199: 100%|████████████████████████████████████████████████| 500/500 [00:59<00:00,  8.40it/s]
  0%|                                                                                     | 0/5052 [00:00<?, ?it/s]
=>Epoches 29, learning rate = 0.0078,                 previous best = 0.4361
Train loss: 1.722: 100%|███████████████████████████████████████████████████████| 5052/5052 [46:17<00:00,  1.82it/s]
pixAcc: 0.683, mIoU: 0.216: 100%|████████████████████████████████████████████████| 500/500 [00:59<00:00,  8.36it/s]
  0%|                                                                                     | 0/5052 [00:00<?, ?it/s]
=>Epoches 30, learning rate = 0.0077,                 previous best = 0.4496
Train loss: 1.700: 100%|███████████████████████████████████████████████████████| 5052/5052 [46:15<00:00,  1.82it/s]
pixAcc: 0.688, mIoU: 0.220: 100%|████████████████████████████████████████████████| 500/500 [00:58<00:00,  8.53it/s]
  0%|                                                                                     | 0/5052 [00:00<?, ?it/s]
=>Epoches 31, learning rate = 0.0076,                 previous best = 0.4543
Train loss: 1.693: 100%|███████████████████████████████████████████████████████| 5052/5052 [46:14<00:00,  1.82it/s]
pixAcc: 0.697, mIoU: 0.223: 100%|████████████████████████████████████████████████| 500/500 [00:58<00:00,  8.52it/s]
  0%|                                                                                     | 0/5052 [00:00<?, ?it/s]
=>Epoches 32, learning rate = 0.0076,                 previous best = 0.4602
Train loss: 1.684: 100%|███████████████████████████████████████████████████████| 5052/5052 [46:13<00:00,  1.82it/s]
pixAcc: 0.683, mIoU: 0.224: 100%|████████████████████████████████████████████████| 500/500 [00:58<00:00,  8.53it/s]
  0%|                                                                                     | 0/5052 [00:00<?, ?it/s]
=>Epoches 33, learning rate = 0.0075,                 previous best = 0.4602
Train loss: 1.668: 100%|███████████████████████████████████████████████████████| 5052/5052 [46:10<00:00,  1.82it/s]
pixAcc: 0.687, mIoU: 0.219: 100%|████████████████████████████████████████████████| 500/500 [00:58<00:00,  8.48it/s]
  0%|                                                                                     | 0/5052 [00:00<?, ?it/s]
=>Epoches 34, learning rate = 0.0074,                 previous best = 0.4602
Train loss: 1.660: 100%|███████████████████████████████████████████████████████| 5052/5052 [46:11<00:00,  1.82it/s]
pixAcc: 0.692, mIoU: 0.223: 100%|████████████████████████████████████████████████| 500/500 [00:59<00:00,  8.42it/s]
  0%|                                                                                     | 0/5052 [00:00<?, ?it/s]
=>Epoches 35, learning rate = 0.0073,                 previous best = 0.4602
Train loss: 1.662: 100%|███████████████████████████████████████████████████████| 5052/5052 [46:10<00:00,  1.82it/s]
pixAcc: 0.672, mIoU: 0.225: 100%|████████████████████████████████████████████████| 500/500 [00:59<00:00,  8.40it/s]
  0%|                                                                                     | 0/5052 [00:00<?, ?it/s]
=>Epoches 36, learning rate = 0.0073,                 previous best = 0.4602
Train loss: 1.642: 100%|███████████████████████████████████████████████████████| 5052/5052 [46:06<00:00,  1.83it/s]
pixAcc: 0.695, mIoU: 0.233: 100%|████████████████████████████████████████████████| 500/500 [00:59<00:00,  8.44it/s]
  0%|                                                                                     | 0/5052 [00:00<?, ?it/s]
=>Epoches 37, learning rate = 0.0072,                 previous best = 0.4640
Train loss: 1.636: 100%|███████████████████████████████████████████████████████| 5052/5052 [46:06<00:00,  1.83it/s]
pixAcc: 0.691, mIoU: 0.230: 100%|████████████████████████████████████████████████| 500/500 [00:58<00:00,  8.53it/s]
  0%|                                                                                     | 0/5052 [00:00<?, ?it/s]
=>Epoches 38, learning rate = 0.0071,                 previous best = 0.4640
Train loss: 1.614: 100%|███████████████████████████████████████████████████████| 5052/5052 [46:20<00:00,  1.82it/s]
pixAcc: 0.690, mIoU: 0.235: 100%|████████████████████████████████████████████████| 500/500 [00:59<00:00,  8.45it/s]
  0%|                                                                                     | 0/5052 [00:00<?, ?it/s]
=>Epoches 39, learning rate = 0.0070,                 previous best = 0.4640
Train loss: 1.609: 100%|███████████████████████████████████████████████████████| 5052/5052 [46:21<00:00,  1.82it/s]
pixAcc: 0.693, mIoU: 0.230: 100%|████████████████████████████████████████████████| 500/500 [00:59<00:00,  8.34it/s]
  0%|                                                                                     | 0/5052 [00:00<?, ?it/s]
=>Epoches 40, learning rate = 0.0069,                 previous best = 0.4640
Train loss: 1.604: 100%|███████████████████████████████████████████████████████| 5052/5052 [46:36<00:00,  1.81it/s]
pixAcc: 0.687, mIoU: 0.225: 100%|████████████████████████████████████████████████| 500/500 [00:59<00:00,  8.46it/s]
  0%|                                                                                     | 0/5052 [00:00<?, ?it/s]
=>Epoches 41, learning rate = 0.0069,                 previous best = 0.4640
Train loss: 1.589: 100%|███████████████████████████████████████████████████████| 5052/5052 [46:47<00:00,  1.80it/s]
pixAcc: 0.705, mIoU: 0.244: 100%|████████████████████████████████████████████████| 500/500 [00:59<00:00,  8.37it/s]
  0%|                                                                                     | 0/5052 [00:00<?, ?it/s]
=>Epoches 42, learning rate = 0.0068,                 previous best = 0.4741
Train loss: 1.593: 100%|███████████████████████████████████████████████████████| 5052/5052 [47:00<00:00,  1.79it/s]
pixAcc: 0.699, mIoU: 0.237: 100%|████████████████████████████████████████████████| 500/500 [00:59<00:00,  8.38it/s]
  0%|                                                                                     | 0/5052 [00:00<?, ?it/s]
=>Epoches 43, learning rate = 0.0067,                 previous best = 0.4741
Train loss: 1.568: 100%|███████████████████████████████████████████████████████| 5052/5052 [47:00<00:00,  1.79it/s]
pixAcc: 0.700, mIoU: 0.244: 100%|████████████████████████████████████████████████| 500/500 [00:59<00:00,  8.34it/s]
  0%|                                                                                     | 0/5052 [00:00<?, ?it/s]
=>Epoches 44, learning rate = 0.0066,                 previous best = 0.4741
Train loss: 1.568: 100%|███████████████████████████████████████████████████████| 5052/5052 [47:06<00:00,  1.79it/s]
pixAcc: 0.709, mIoU: 0.253: 100%|████████████████████████████████████████████████| 500/500 [00:59<00:00,  8.42it/s]
  0%|                                                                                     | 0/5052 [00:00<?, ?it/s]
=>Epoches 45, learning rate = 0.0066,                 previous best = 0.4812
Train loss: 1.564: 100%|███████████████████████████████████████████████████████| 5052/5052 [47:01<00:00,  1.79it/s]
pixAcc: 0.700, mIoU: 0.248: 100%|████████████████████████████████████████████████| 500/500 [01:00<00:00,  8.33it/s]
  0%|                                                                                     | 0/5052 [00:00<?, ?it/s]
=>Epoches 46, learning rate = 0.0065,                 previous best = 0.4812
Train loss: 1.542: 100%|███████████████████████████████████████████████████████| 5052/5052 [47:04<00:00,  1.79it/s]
pixAcc: 0.709, mIoU: 0.253: 100%|████████████████████████████████████████████████| 500/500 [00:59<00:00,  8.44it/s]
  0%|                                                                                     | 0/5052 [00:00<?, ?it/s]
=>Epoches 47, learning rate = 0.0064,                 previous best = 0.4812
Train loss: 1.533: 100%|███████████████████████████████████████████████████████| 5052/5052 [47:04<00:00,  1.79it/s]
pixAcc: 0.704, mIoU: 0.249: 100%|████████████████████████████████████████████████| 500/500 [00:59<00:00,  8.35it/s]
  0%|                                                                                     | 0/5052 [00:00<?, ?it/s]
=>Epoches 48, learning rate = 0.0063,                 previous best = 0.4812
Train loss: 1.537: 100%|███████████████████████████████████████████████████████| 5052/5052 [47:05<00:00,  1.79it/s]
pixAcc: 0.703, mIoU: 0.260: 100%|████████████████████████████████████████████████| 500/500 [00:59<00:00,  8.38it/s]
  0%|                                                                                     | 0/5052 [00:00<?, ?it/s]
=>Epoches 49, learning rate = 0.0062,                 previous best = 0.4812
Train loss: 1.527: 100%|███████████████████████████████████████████████████████| 5052/5052 [46:58<00:00,  1.79it/s]
pixAcc: 0.713, mIoU: 0.256: 100%|████████████████████████████████████████████████| 500/500 [00:59<00:00,  8.44it/s]
  0%|                                                                                     | 0/5052 [00:00<?, ?it/s]
=>Epoches 50, learning rate = 0.0062,                 previous best = 0.4845
Train loss: 1.520: 100%|███████████████████████████████████████████████████████| 5052/5052 [47:00<00:00,  1.79it/s]
pixAcc: 0.683, mIoU: 0.229: 100%|████████████████████████████████████████████████| 500/500 [01:00<00:00,  8.30it/s]
  0%|                                                                                     | 0/5052 [00:00<?, ?it/s]
=>Epoches 51, learning rate = 0.0061,                 previous best = 0.4845
Train loss: 1.512: 100%|███████████████████████████████████████████████████████| 5052/5052 [46:52<00:00,  1.80it/s]
pixAcc: 0.707, mIoU: 0.255: 100%|████████████████████████████████████████████████| 500/500 [00:59<00:00,  8.43it/s]
  0%|                                                                                     | 0/5052 [00:00<?, ?it/s]
=>Epoches 52, learning rate = 0.0060,                 previous best = 0.4845
Train loss: 1.508: 100%|███████████████████████████████████████████████████████| 5052/5052 [46:51<00:00,  1.80it/s]
pixAcc: 0.713, mIoU: 0.265: 100%|████████████████████████████████████████████████| 500/500 [00:59<00:00,  8.42it/s]
  0%|                                                                                     | 0/5052 [00:00<?, ?it/s]
=>Epoches 53, learning rate = 0.0059,                 previous best = 0.4893
Train loss: 1.489: 100%|███████████████████████████████████████████████████████| 5052/5052 [46:44<00:00,  1.80it/s]
pixAcc: 0.709, mIoU: 0.262: 100%|████████████████████████████████████████████████| 500/500 [00:59<00:00,  8.43it/s]
  0%|                                                                                     | 0/5052 [00:00<?, ?it/s]
=>Epoches 54, learning rate = 0.0058,                 previous best = 0.4893
Train loss: 1.488: 100%|███████████████████████████████████████████████████████| 5052/5052 [46:37<00:00,  1.81it/s]
pixAcc: 0.706, mIoU: 0.257: 100%|████████████████████████████████████████████████| 500/500 [00:59<00:00,  8.42it/s]
  0%|                                                                                     | 0/5052 [00:00<?, ?it/s]
=>Epoches 55, learning rate = 0.0058,                 previous best = 0.4893
Train loss: 1.476: 100%|███████████████████████████████████████████████████████| 5052/5052 [46:32<00:00,  1.81it/s]
pixAcc: 0.716, mIoU: 0.270: 100%|████████████████████████████████████████████████| 500/500 [00:59<00:00,  8.47it/s]
  0%|                                                                                     | 0/5052 [00:00<?, ?it/s]
=>Epoches 56, learning rate = 0.0057,                 previous best = 0.4926
Train loss: 1.467: 100%|███████████████████████████████████████████████████████| 5052/5052 [46:28<00:00,  1.81it/s]
pixAcc: 0.710, mIoU: 0.262: 100%|████████████████████████████████████████████████| 500/500 [00:59<00:00,  8.42it/s]
  0%|                                                                                     | 0/5052 [00:00<?, ?it/s]
=>Epoches 57, learning rate = 0.0056,                 previous best = 0.4926
Train loss: 1.461: 100%|███████████████████████████████████████████████████████| 5052/5052 [46:14<00:00,  1.82it/s]
pixAcc: 0.710, mIoU: 0.265: 100%|████████████████████████████████████████████████| 500/500 [00:59<00:00,  8.46it/s]
  0%|                                                                                     | 0/5052 [00:00<?, ?it/s]
=>Epoches 58, learning rate = 0.0055,                 previous best = 0.4926
Train loss: 1.459: 100%|███████████████████████████████████████████████████████| 5052/5052 [46:19<00:00,  1.82it/s]
pixAcc: 0.715, mIoU: 0.267: 100%|████████████████████████████████████████████████| 500/500 [00:59<00:00,  8.34it/s]
  0%|                                                                                     | 0/5052 [00:00<?, ?it/s]
=>Epoches 59, learning rate = 0.0054,                 previous best = 0.4926
Train loss: 1.450: 100%|███████████████████████████████████████████████████████| 5052/5052 [46:13<00:00,  1.82it/s]
pixAcc: 0.713, mIoU: 0.275: 100%|████████████████████████████████████████████████| 500/500 [00:59<00:00,  8.35it/s]
  0%|                                                                                     | 0/5052 [00:00<?, ?it/s]
=>Epoches 60, learning rate = 0.0054,                 previous best = 0.4941
Train loss: 1.450: 100%|███████████████████████████████████████████████████████| 5052/5052 [46:08<00:00,  1.82it/s]
pixAcc: 0.721, mIoU: 0.277: 100%|████████████████████████████████████████████████| 500/500 [00:58<00:00,  8.53it/s]
  0%|                                                                                     | 0/5052 [00:00<?, ?it/s]
=>Epoches 61, learning rate = 0.0053,                 previous best = 0.4994
Train loss: 1.436: 100%|███████████████████████████████████████████████████████| 5052/5052 [46:08<00:00,  1.82it/s]
pixAcc: 0.713, mIoU: 0.275: 100%|████████████████████████████████████████████████| 500/500 [00:59<00:00,  8.46it/s]
  0%|                                                                                     | 0/5052 [00:00<?, ?it/s]
=>Epoches 62, learning rate = 0.0052,                 previous best = 0.4994
Train loss: 1.450: 100%|███████████████████████████████████████████████████████| 5052/5052 [45:59<00:00,  1.83it/s]
pixAcc: 0.720, mIoU: 0.272: 100%|████████████████████████████████████████████████| 500/500 [00:58<00:00,  8.52it/s]
  0%|                                                                                     | 0/5052 [00:00<?, ?it/s]
=>Epoches 63, learning rate = 0.0051,                 previous best = 0.4994
Train loss: 1.409: 100%|███████████████████████████████████████████████████████| 5052/5052 [46:06<00:00,  1.83it/s]
pixAcc: 0.721, mIoU: 0.282: 100%|████████████████████████████████████████████████| 500/500 [00:58<00:00,  8.52it/s]
  0%|                                                                                     | 0/5052 [00:00<?, ?it/s]
=>Epoches 64, learning rate = 0.0050,                 previous best = 0.5011
Train loss: 1.415: 100%|███████████████████████████████████████████████████████| 5052/5052 [46:01<00:00,  1.83it/s]
pixAcc: 0.711, mIoU: 0.279: 100%|████████████████████████████████████████████████| 500/500 [00:59<00:00,  8.46it/s]
  0%|                                                                                     | 0/5052 [00:00<?, ?it/s]
=>Epoches 65, learning rate = 0.0050,                 previous best = 0.5011
Train loss: 1.406: 100%|███████████████████████████████████████████████████████| 5052/5052 [46:04<00:00,  1.83it/s]
pixAcc: 0.719, mIoU: 0.279: 100%|████████████████████████████████████████████████| 500/500 [00:58<00:00,  8.50it/s]
  0%|                                                                                     | 0/5052 [00:00<?, ?it/s]
=>Epoches 66, learning rate = 0.0049,                 previous best = 0.5011
Train loss: 1.403: 100%|███████████████████████████████████████████████████████| 5052/5052 [46:00<00:00,  1.83it/s]
pixAcc: 0.716, mIoU: 0.283: 100%|████████████████████████████████████████████████| 500/500 [00:59<00:00,  8.38it/s]
  0%|                                                                                     | 0/5052 [00:00<?, ?it/s]
=>Epoches 67, learning rate = 0.0048,                 previous best = 0.5011
Train loss: 1.395: 100%|███████████████████████████████████████████████████████| 5052/5052 [46:03<00:00,  1.83it/s]
pixAcc: 0.722, mIoU: 0.289: 100%|████████████████████████████████████████████████| 500/500 [00:58<00:00,  8.52it/s]
  0%|                                                                                     | 0/5052 [00:00<?, ?it/s]
=>Epoches 68, learning rate = 0.0047,                 previous best = 0.5052
Train loss: 1.376: 100%|███████████████████████████████████████████████████████| 5052/5052 [46:01<00:00,  1.83it/s]
pixAcc: 0.711, mIoU: 0.280: 100%|████████████████████████████████████████████████| 500/500 [00:58<00:00,  8.56it/s]
  0%|                                                                                     | 0/5052 [00:00<?, ?it/s]
=>Epoches 69, learning rate = 0.0046,                 previous best = 0.5052
Train loss: 1.379: 100%|███████████████████████████████████████████████████████| 5052/5052 [46:01<00:00,  1.83it/s]
pixAcc: 0.721, mIoU: 0.286: 100%|████████████████████████████████████████████████| 500/500 [00:58<00:00,  8.48it/s]
  0%|                                                                                     | 0/5052 [00:00<?, ?it/s]
=>Epoches 70, learning rate = 0.0045,                 previous best = 0.5052
Train loss: 1.370: 100%|███████████████████████████████████████████████████████| 5052/5052 [46:06<00:00,  1.83it/s]
pixAcc: 0.723, mIoU: 0.284: 100%|████████████████████████████████████████████████| 500/500 [00:58<00:00,  8.53it/s]
  0%|                                                                                     | 0/5052 [00:00<?, ?it/s]
=>Epoches 71, learning rate = 0.0045,                 previous best = 0.5052
Train loss: 1.357: 100%|███████████████████████████████████████████████████████| 5052/5052 [46:16<00:00,  1.82it/s]
pixAcc: 0.728, mIoU: 0.292: 100%|████████████████████████████████████████████████| 500/500 [00:58<00:00,  8.48it/s]
  0%|                                                                                     | 0/5052 [00:00<?, ?it/s]
=>Epoches 72, learning rate = 0.0044,                 previous best = 0.5098
Train loss: 1.341: 100%|███████████████████████████████████████████████████████| 5052/5052 [46:21<00:00,  1.82it/s]
pixAcc: 0.722, mIoU: 0.289: 100%|████████████████████████████████████████████████| 500/500 [00:59<00:00,  8.47it/s]
  0%|                                                                                     | 0/5052 [00:00<?, ?it/s]
=>Epoches 73, learning rate = 0.0043,                 previous best = 0.5098
Train loss: 1.339: 100%|███████████████████████████████████████████████████████| 5052/5052 [46:30<00:00,  1.81it/s]
pixAcc: 0.724, mIoU: 0.287: 100%|████████████████████████████████████████████████| 500/500 [01:00<00:00,  8.31it/s]
  0%|                                                                                     | 0/5052 [00:00<?, ?it/s]
=>Epoches 74, learning rate = 0.0042,                 previous best = 0.5098
Train loss: 1.338: 100%|███████████████████████████████████████████████████████| 5052/5052 [47:56<00:00,  1.76it/s]
pixAcc: 0.727, mIoU: 0.298: 100%|████████████████████████████████████████████████| 500/500 [01:13<00:00,  6.85it/s]
  0%|                                                                                     | 0/5052 [00:00<?, ?it/s]
=>Epoches 75, learning rate = 0.0041,                 previous best = 0.5124
Train loss: 1.192: 100%|████████████████████████████████████████████████████████████████████| 5052/5052 [46:39<00:00,  1.80it/s]
pixAcc: 0.746, mIoU: 0.324: 100%|█████████████████████████████████████████████████████████████| 500/500 [00:58<00:00,  8.49it/s]
  0%|                                                                                                  | 0/5052 [00:00<?, ?it/s]
=>Epoches 76, learning rate = 0.0041,                 previous best = 0.5347
Train loss: 1.148: 100%|████████████████████████████████████████████████████████████████████| 5052/5052 [46:25<00:00,  1.81it/s]
pixAcc: 0.747, mIoU: 0.325: 100%|█████████████████████████████████████████████████████████████| 500/500 [00:58<00:00,  8.48it/s]
  0%|                                                                                                  | 0/5052 [00:00<?, ?it/s]
=>Epoches 77, learning rate = 0.0040,                 previous best = 0.5357
Train loss: 1.129: 100%|████████████████████████████████████████████████████████████████████| 5052/5052 [46:25<00:00,  1.81it/s]
pixAcc: 0.750, mIoU: 0.327: 100%|█████████████████████████████████████████████████████████████| 500/500 [00:58<00:00,  8.50it/s]
  0%|                                                                                                  | 0/5052 [00:00<?, ?it/s]
=>Epoches 78, learning rate = 0.0039,                 previous best = 0.5386
Train loss: 1.119: 100%|████████████████████████████████████████████████████████████████████| 5052/5052 [46:34<00:00,  1.81it/s]
pixAcc: 0.751, mIoU: 0.331: 100%|█████████████████████████████████████████████████████████████| 500/500 [00:59<00:00,  8.39it/s]
  0%|                                                                                                  | 0/5052 [00:00<?, ?it/s]
=>Epoches 79, learning rate = 0.0038,                 previous best = 0.5408
Train loss: 1.108: 100%|████████████████████████████████████████████████████████████████████| 5052/5052 [46:35<00:00,  1.81it/s]
pixAcc: 0.749, mIoU: 0.329: 100%|█████████████████████████████████████████████████████████████| 500/500 [01:01<00:00,  8.09it/s]
  0%|                                                                                                  | 0/5052 [00:00<?, ?it/s]
=>Epoches 80, learning rate = 0.0037,                 previous best = 0.5408
Train loss: 1.105: 100%|████████████████████████████████████████████████████████████████████| 5052/5052 [47:17<00:00,  1.78it/s]
pixAcc: 0.747, mIoU: 0.325: 100%|█████████████████████████████████████████████████████████████| 500/500 [01:02<00:00,  8.04it/s]
  0%|                                                                                                  | 0/5052 [00:00<?, ?it/s]
=>Epoches 81, learning rate = 0.0036,                 previous best = 0.5408
Train loss: 1.091: 100%|████████████████████████████████████████████████████████████████████| 5052/5052 [46:32<00:00,  1.81it/s]
pixAcc: 0.753, mIoU: 0.333: 100%|█████████████████████████████████████████████████████████████| 500/500 [00:59<00:00,  8.35it/s]
  0%|                                                                                                  | 0/5052 [00:00<?, ?it/s]
=>Epoches 82, learning rate = 0.0036,                 previous best = 0.5429
Train loss: 1.085: 100%|████████████████████████████████████████████████████████████████████| 5052/5052 [47:06<00:00,  1.79it/s]
pixAcc: 0.750, mIoU: 0.335: 100%|█████████████████████████████████████████████████████████████| 500/500 [01:01<00:00,  8.14it/s]
  0%|                                                                                                  | 0/5052 [00:00<?, ?it/s]
=>Epoches 83, learning rate = 0.0035,                 previous best = 0.5429
Train loss: 1.074: 100%|████████████████████████████████████████████████████████████████████| 5052/5052 [47:06<00:00,  1.79it/s]
pixAcc: 0.750, mIoU: 0.333: 100%|█████████████████████████████████████████████████████████████| 500/500 [01:01<00:00,  8.08it/s]
  0%|                                                                                                  | 0/5052 [00:00<?, ?it/s]
=>Epoches 84, learning rate = 0.0034,                 previous best = 0.5429
Train loss: 1.069: 100%|████████████████████████████████████████████████████████████████████| 5052/5052 [46:19<00:00,  1.82it/s]
pixAcc: 0.752, mIoU: 0.333: 100%|█████████████████████████████████████████████████████████████| 500/500 [00:59<00:00,  8.37it/s]
  0%|                                                                                                  | 0/5052 [00:00<?, ?it/s]
=>Epoches 85, learning rate = 0.0033,                 previous best = 0.5429
Train loss: 1.071: 100%|████████████████████████████████████████████████████████████████████| 5052/5052 [46:10<00:00,  1.82it/s]
pixAcc: 0.754, mIoU: 0.335: 100%|█████████████████████████████████████████████████████████████| 500/500 [00:59<00:00,  8.47it/s]
  0%|                                                                                                  | 0/5052 [00:00<?, ?it/s]
=>Epoches 86, learning rate = 0.0032,                 previous best = 0.5444
Train loss: 1.066: 100%|████████████████████████████████████████████████████████████████████| 5052/5052 [46:11<00:00,  1.82it/s]
pixAcc: 0.751, mIoU: 0.333: 100%|█████████████████████████████████████████████████████████████| 500/500 [01:00<00:00,  8.32it/s]
  0%|                                                                                                  | 0/5052 [00:00<?, ?it/s]
=>Epoches 87, learning rate = 0.0031,                 previous best = 0.5444
Train loss: 1.064: 100%|████████████████████████████████████████████████████████████████████| 5052/5052 [46:08<00:00,  1.82it/s]
pixAcc: 0.751, mIoU: 0.332: 100%|█████████████████████████████████████████████████████████████| 500/500 [00:58<00:00,  8.52it/s]
  0%|                                                                                                  | 0/5052 [00:00<?, ?it/s]
=>Epoches 88, learning rate = 0.0030,                 previous best = 0.5444
Train loss: 1.045: 100%|████████████████████████████████████████████████████████████████████| 5052/5052 [46:08<00:00,  1.83it/s]
pixAcc: 0.752, mIoU: 0.336: 100%|█████████████████████████████████████████████████████████████| 500/500 [00:58<00:00,  8.48it/s]
  0%|                                                                                                  | 0/5052 [00:00<?, ?it/s]
=>Epoches 89, learning rate = 0.0030,                 previous best = 0.5444
Train loss: 1.045: 100%|████████████████████████████████████████████████████████████████████| 5052/5052 [46:04<00:00,  1.83it/s]
pixAcc: 0.754, mIoU: 0.335: 100%|█████████████████████████████████████████████████████████████| 500/500 [00:59<00:00,  8.34it/s]
  0%|                                                                                                  | 0/5052 [00:00<?, ?it/s]
=>Epoches 90, learning rate = 0.0029,                 previous best = 0.5444
Train loss: 1.043: 100%|████████████████████████████████████████████████████████████████████| 5052/5052 [46:03<00:00,  1.83it/s]
pixAcc: 0.753, mIoU: 0.337: 100%|█████████████████████████████████████████████████████████████| 500/500 [00:58<00:00,  8.54it/s]
  0%|                                                                                                  | 0/5052 [00:00<?, ?it/s]
=>Epoches 91, learning rate = 0.0028,                 previous best = 0.5453
Train loss: 1.042: 100%|████████████████████████████████████████████████████████████████████| 5052/5052 [46:04<00:00,  1.83it/s]
pixAcc: 0.755, mIoU: 0.339: 100%|█████████████████████████████████████████████████████████████| 500/500 [00:59<00:00,  8.46it/s]
  0%|                                                                                                  | 0/5052 [00:00<?, ?it/s]
=>Epoches 92, learning rate = 0.0027,                 previous best = 0.5468
Train loss: 1.036: 100%|████████████████████████████████████████████████████████████████████| 5052/5052 [45:59<00:00,  1.83it/s]
pixAcc: 0.753, mIoU: 0.337: 100%|█████████████████████████████████████████████████████████████| 500/500 [00:59<00:00,  8.36it/s]
  0%|                                                                                                  | 0/5052 [00:00<?, ?it/s]
=>Epoches 93, learning rate = 0.0026,                 previous best = 0.5468
Train loss: 1.025: 100%|████████████████████████████████████████████████████████████████████| 5052/5052 [46:00<00:00,  1.83it/s]
pixAcc: 0.756, mIoU: 0.338: 100%|█████████████████████████████████████████████████████████████| 500/500 [00:59<00:00,  8.37it/s]
  0%|                                                                                                  | 0/5052 [00:00<?, ?it/s]
=>Epoches 94, learning rate = 0.0025,                 previous best = 0.5469
Train loss: 1.022: 100%|████████████████████████████████████████████████████████████████████| 5052/5052 [46:10<00:00,  1.82it/s]
pixAcc: 0.755, mIoU: 0.341: 100%|█████████████████████████████████████████████████████████████| 500/500 [00:59<00:00,  8.40it/s]
  0%|                                                                                                  | 0/5052 [00:00<?, ?it/s]
=>Epoches 95, learning rate = 0.0024,                 previous best = 0.5479
Train loss: 1.032: 100%|████████████████████████████████████████████████████████████████████| 5052/5052 [46:04<00:00,  1.83it/s]
pixAcc: 0.753, mIoU: 0.337: 100%|█████████████████████████████████████████████████████████████| 500/500 [00:58<00:00,  8.49it/s]
  0%|                                                                                                  | 0/5052 [00:00<?, ?it/s]
=>Epoches 96, learning rate = 0.0023,                 previous best = 0.5479
Train loss: 1.028: 100%|████████████████████████████████████████████████████████████████████| 5052/5052 [46:11<00:00,  1.82it/s]
pixAcc: 0.754, mIoU: 0.344: 100%|█████████████████████████████████████████████████████████████| 500/500 [00:59<00:00,  8.47it/s]
  0%|       0%|                                                                                                                                                                                   | 0/5052 [00:00<?, ?it/s]| 0/5052 [00:00<?, ?it/s]